<?xml version="1.0" encoding="UTF-8"?>
<!-- Generated by org.testng.reporters.JUnitXMLReporter -->
<testsuite ignored="2" hostname="DESKTOP-4SVBIVL" failures="0" tests="2" name="Test" time="34.318" errors="0" timestamp="2025-02-19T20:37:12 IST">
  <testcase classname="testcases.Test1" name="InstaLoginPage" time="9.35"/>
  <testcase classname="testcases.Test1" name="ZohoLoginPage" time="18.095"/>
  <testcase classname="base.BaseTest" name="@BeforeTest setUp" time="0.0">
    <ignored/>
  </testcase> <!-- @BeforeTest setUp -->
  <testcase classname="base.BaseTest" name="@AfterTest tearDown" time="0.0">
    <ignored/>
  </testcase> <!-- @AfterTest tearDown -->
</testsuite> <!-- Test -->
