<?xml version="1.0" encoding="UTF-8"?>
<testng-results ignored="0" total="2" passed="2" failed="0" skipped="0">
  <reporter-output>
  </reporter-output>
  <suite started-at="2025-02-19T20:43:55 IST" name="Default suite" finished-at="2025-02-19T20:44:57 IST" duration-ms="62258">
    <groups>
    </groups>
    <test started-at="2025-02-19T20:43:55 IST" name="Default test" finished-at="2025-02-19T20:44:57 IST" duration-ms="62258">
      <class name="testcases.Test1">
        <test-method is-config="true" signature="setUp()[pri:0, instance:testcases.Test1@82de64a]" started-at="2025-02-19T20:43:55 IST" name="setUp" finished-at="2025-02-19T20:44:00 IST" duration-ms="5029" status="PASS">
          <reporter-output>
          </reporter-output>
        </test-method> <!-- setUp -->
        <test-method signature="InstaLoginPage()[pri:0, instance:testcases.Test1@82de64a]" started-at="2025-02-19T20:44:00 IST" name="InstaLoginPage" finished-at="2025-02-19T20:44:10 IST" duration-ms="9784" status="PASS">
          <reporter-output>
          </reporter-output>
        </test-method> <!-- InstaLoginPage -->
        <test-method signature="ZohoLoginPage()[pri:0, instance:testcases.Test1@82de64a]" started-at="2025-02-19T20:44:10 IST" name="ZohoLoginPage" finished-at="2025-02-19T20:44:57 IST" duration-ms="46841" status="PASS">
          <reporter-output>
          </reporter-output>
        </test-method> <!-- ZohoLoginPage -->
        <test-method is-config="true" signature="tearDown()[pri:0, instance:testcases.Test1@82de64a]" started-at="2025-02-19T20:44:57 IST" name="tearDown" finished-at="2025-02-19T20:44:57 IST" duration-ms="409" status="PASS">
          <reporter-output>
          </reporter-output>
        </test-method> <!-- tearDown -->
      </class> <!-- testcases.Test1 -->
    </test> <!-- Default test -->
  </suite> <!-- Default suite -->
</testng-results>
